  main.cpp
D:\Victor\Documents\PG_Projeto2_AR\Projeto-PG\Projeto-PG\main.cpp(114,54): warning C4244: 'argumento': conversão de 'int' para '_Tp', possível perda de dados
D:\Victor\Documents\PG_Projeto2_AR\Projeto-PG\Projeto-PG\main.cpp(114,54): warning C4244:         with
D:\Victor\Documents\PG_Projeto2_AR\Projeto-PG\Projeto-PG\main.cpp(114,54): warning C4244:         [
D:\Victor\Documents\PG_Projeto2_AR\Projeto-PG\Projeto-PG\main.cpp(114,54): warning C4244:             _Tp=float
D:\Victor\Documents\PG_Projeto2_AR\Projeto-PG\Projeto-PG\main.cpp(114,54): warning C4244:         ]
D:\Victor\Documents\PG_Projeto2_AR\Projeto-PG\Projeto-PG\main.cpp(114,96): warning C4244: 'argumento': conversão de 'int' para '_Tp', possível perda de dados
D:\Victor\Documents\PG_Projeto2_AR\Projeto-PG\Projeto-PG\main.cpp(114,96): warning C4244:         with
D:\Victor\Documents\PG_Projeto2_AR\Projeto-PG\Projeto-PG\main.cpp(114,96): warning C4244:         [
D:\Victor\Documents\PG_Projeto2_AR\Projeto-PG\Projeto-PG\main.cpp(114,96): warning C4244:             _Tp=float
D:\Victor\Documents\PG_Projeto2_AR\Projeto-PG\Projeto-PG\main.cpp(114,96): warning C4244:         ]
D:\Victor\Documents\PG_Projeto2_AR\Projeto-PG\Projeto-PG\main.cpp(115,54): warning C4244: 'argumento': conversão de 'int' para '_Tp', possível perda de dados
D:\Victor\Documents\PG_Projeto2_AR\Projeto-PG\Projeto-PG\main.cpp(115,54): warning C4244:         with
D:\Victor\Documents\PG_Projeto2_AR\Projeto-PG\Projeto-PG\main.cpp(115,54): warning C4244:         [
D:\Victor\Documents\PG_Projeto2_AR\Projeto-PG\Projeto-PG\main.cpp(115,54): warning C4244:             _Tp=float
D:\Victor\Documents\PG_Projeto2_AR\Projeto-PG\Projeto-PG\main.cpp(115,54): warning C4244:         ]
D:\Victor\Documents\PG_Projeto2_AR\Projeto-PG\Projeto-PG\main.cpp(115,96): warning C4244: 'argumento': conversão de 'int' para '_Tp', possível perda de dados
D:\Victor\Documents\PG_Projeto2_AR\Projeto-PG\Projeto-PG\main.cpp(115,96): warning C4244:         with
D:\Victor\Documents\PG_Projeto2_AR\Projeto-PG\Projeto-PG\main.cpp(115,96): warning C4244:         [
D:\Victor\Documents\PG_Projeto2_AR\Projeto-PG\Projeto-PG\main.cpp(115,96): warning C4244:             _Tp=float
D:\Victor\Documents\PG_Projeto2_AR\Projeto-PG\Projeto-PG\main.cpp(115,96): warning C4244:         ]
D:\Victor\Documents\PG_Projeto2_AR\Projeto-PG\Projeto-PG\main.cpp(116,54): warning C4244: 'argumento': conversão de 'int' para '_Tp', possível perda de dados
D:\Victor\Documents\PG_Projeto2_AR\Projeto-PG\Projeto-PG\main.cpp(116,54): warning C4244:         with
D:\Victor\Documents\PG_Projeto2_AR\Projeto-PG\Projeto-PG\main.cpp(116,54): warning C4244:         [
D:\Victor\Documents\PG_Projeto2_AR\Projeto-PG\Projeto-PG\main.cpp(116,54): warning C4244:             _Tp=float
D:\Victor\Documents\PG_Projeto2_AR\Projeto-PG\Projeto-PG\main.cpp(116,54): warning C4244:         ]
D:\Victor\Documents\PG_Projeto2_AR\Projeto-PG\Projeto-PG\main.cpp(116,96): warning C4244: 'argumento': conversão de 'int' para '_Tp', possível perda de dados
D:\Victor\Documents\PG_Projeto2_AR\Projeto-PG\Projeto-PG\main.cpp(116,96): warning C4244:         with
D:\Victor\Documents\PG_Projeto2_AR\Projeto-PG\Projeto-PG\main.cpp(116,96): warning C4244:         [
D:\Victor\Documents\PG_Projeto2_AR\Projeto-PG\Projeto-PG\main.cpp(116,96): warning C4244:             _Tp=float
D:\Victor\Documents\PG_Projeto2_AR\Projeto-PG\Projeto-PG\main.cpp(116,96): warning C4244:         ]
D:\Victor\Documents\PG_Projeto2_AR\Projeto-PG\Projeto-PG\main.cpp(117,54): warning C4244: 'argumento': conversão de 'int' para '_Tp', possível perda de dados
D:\Victor\Documents\PG_Projeto2_AR\Projeto-PG\Projeto-PG\main.cpp(117,54): warning C4244:         with
D:\Victor\Documents\PG_Projeto2_AR\Projeto-PG\Projeto-PG\main.cpp(117,54): warning C4244:         [
D:\Victor\Documents\PG_Projeto2_AR\Projeto-PG\Projeto-PG\main.cpp(117,54): warning C4244:             _Tp=float
D:\Victor\Documents\PG_Projeto2_AR\Projeto-PG\Projeto-PG\main.cpp(117,54): warning C4244:         ]
D:\Victor\Documents\PG_Projeto2_AR\Projeto-PG\Projeto-PG\main.cpp(117,96): warning C4244: 'argumento': conversão de 'int' para '_Tp', possível perda de dados
D:\Victor\Documents\PG_Projeto2_AR\Projeto-PG\Projeto-PG\main.cpp(117,96): warning C4244:         with
D:\Victor\Documents\PG_Projeto2_AR\Projeto-PG\Projeto-PG\main.cpp(117,96): warning C4244:         [
D:\Victor\Documents\PG_Projeto2_AR\Projeto-PG\Projeto-PG\main.cpp(117,96): warning C4244:             _Tp=float
D:\Victor\Documents\PG_Projeto2_AR\Projeto-PG\Projeto-PG\main.cpp(117,96): warning C4244:         ]
  Gerando código
  1 of 303 functions ( 0.3%) were compiled, the rest were copied from previous compilation.
    0 functions were new in current compilation
    0 functions had inline decision re-evaluated but remain unchanged
  Finalizada a geração de código
  Projeto-PG.vcxproj -> D:\Victor\Documents\PG_Projeto2_AR\Projeto-PG\x64\Release\Projeto-PG.exe
